<?xml version="1.0" encoding="UTF-8"?>
<!-- Generated by org.testng.reporters.JUnitReportReporter -->
<testsuite name="Academy.validateTitle" tests="1" time="530.157" ignored="0" failures="0" timestamp="20 May 2020 04:25:27 GMT" skipped="0" hostname="LAPTOP-O1M8E2E5" errors="0">
  <testcase name="baseNavigationPage" time="530.157" classname="Academy.validateTitle"/>
</testsuite> <!-- Academy.validateTitle -->
