<?xml version="1.0" encoding="UTF-8"?>
<!-- Generated by org.testng.reporters.JUnitReportReporter -->
<testsuite name="Academy.AppTest" tests="1" time="0.035" ignored="0" failures="0" timestamp="20 May 2020 04:28:48 GMT" skipped="0" hostname="LAPTOP-O1M8E2E5" errors="0">
  <testcase name="shouldAnswerWithTrue" time="0.035" classname="Academy.AppTest"/>
</testsuite> <!-- Academy.AppTest -->
