<?xml version="1.0" encoding="UTF-8"?>
<!-- Generated by org.testng.reporters.JUnitReportReporter -->
<testsuite name="Test.homePage" tests="1" time="15.112" ignored="0" failures="0" timestamp="04 Jun 2020 14:39:09 GMT" skipped="0" hostname="LAPTOP-O1M8E2E5" errors="0">
  <testcase name="baseNavigationPage" time="15.112" classname="Test.homePage"/>
</testsuite> <!-- Test.homePage -->
