<?xml version="1.0" encoding="UTF-8"?>
<!-- Generated by org.testng.reporters.JUnitReportReporter -->
<testsuite name="Academy.validateNavigationBar" tests="1" time="0.024" ignored="0" failures="0" timestamp="04 Jun 2020 13:43:10 GMT" skipped="1" hostname="LAPTOP-O1M8E2E5" errors="0">
  <testcase name="baseNavigationPage" time="0.024" classname="Academy.validateNavigationBar">
    <skipped/>
  </testcase> <!-- baseNavigationPage -->
</testsuite> <!-- Academy.validateNavigationBar -->
