<?xml version="1.0" encoding="UTF-8"?>
<!-- Generated by org.testng.reporters.JUnitReportReporter -->
<testsuite name="Test.addToCart" tests="1" time="73.331" ignored="0" failures="0" timestamp="05 Jun 2020 12:07:16 GMT" skipped="0" hostname="LAPTOP-O1M8E2E5" errors="0">
  <testcase name="createAcc" time="73.331" classname="Test.addToCart"/>
</testsuite> <!-- Test.addToCart -->
