<?xml version="1.0" encoding="UTF-8"?>
<!-- Generated by org.testng.reporters.JUnitReportReporter -->
<testsuite name="Test.createAccount" tests="2" time="30.073" ignored="0" failures="0" timestamp="05 Jun 2020 12:07:16 GMT" skipped="0" hostname="LAPTOP-O1M8E2E5" errors="0">
  <testcase name="createAcc" time="15.908" classname="Test.createAccount"/>
  <testcase name="fillForm" time="14.165" classname="Test.createAccount"/>
</testsuite> <!-- Test.createAccount -->
