<?xml version="1.0" encoding="UTF-8"?>
<!-- Generated by org.testng.reporters.JUnitReportReporter -->
<testsuite name="Academy.homePage" tests="2" time="0.018" ignored="0" failures="0" timestamp="04 Jun 2020 13:43:10 GMT" skipped="2" hostname="LAPTOP-O1M8E2E5" errors="0">
  <testcase name="baseNavigationPage" time="0.012" classname="Academy.homePage">
    <skipped/>
  </testcase> <!-- baseNavigationPage -->
  <testcase name="baseNavigationPage" time="0.006" classname="Academy.homePage">
    <skipped/>
  </testcase> <!-- baseNavigationPage -->
</testsuite> <!-- Academy.homePage -->
